/home/arvi/base_ws/install/robot_description/lib/python3.10/site-packages/robot_description/__init__.py
/home/arvi/base_ws/install/robot_description/lib/python3.10/site-packages/robot_description/__pycache__/__init__.cpython-310.pyc
/home/arvi/base_ws/install/robot_description/share/ament_index/resource_index/packages/robot_description
/home/arvi/base_ws/install/robot_description/share/robot_description/package.xml
/home/arvi/base_ws/install/robot_description/share/robot_description/launch/display.launch.py
/home/arvi/base_ws/install/robot_description/share/robot_description/launch/gazebo.launch.py
/home/arvi/base_ws/install/robot_description/share/robot_description/urdf/robot.gazebo
/home/arvi/base_ws/install/robot_description/share/robot_description/urdf/materials.xacro
/home/arvi/base_ws/install/robot_description/share/robot_description/urdf/robot.trans
/home/arvi/base_ws/install/robot_description/share/robot_description/urdf/robot.xacro
/home/arvi/base_ws/install/robot_description/share/robot_description/meshes/vision_module_link_1.stl
/home/arvi/base_ws/install/robot_description/share/robot_description/meshes/right_wheel_link_1.stl
/home/arvi/base_ws/install/robot_description/share/robot_description/meshes/castor4_wheel_link_1.stl
/home/arvi/base_ws/install/robot_description/share/robot_description/meshes/castor1_link_1.stl
/home/arvi/base_ws/install/robot_description/share/robot_description/meshes/castor2_link_1.stl
/home/arvi/base_ws/install/robot_description/share/robot_description/meshes/castor3_link_1.stl
/home/arvi/base_ws/install/robot_description/share/robot_description/meshes/realsense_link.stl
/home/arvi/base_ws/install/robot_description/share/robot_description/meshes/castor1_wheel_link_1.stl
/home/arvi/base_ws/install/robot_description/share/robot_description/meshes/castor4_link_1.stl
/home/arvi/base_ws/install/robot_description/share/robot_description/meshes/castor2_wheel_link_1.stl
/home/arvi/base_ws/install/robot_description/share/robot_description/meshes/castor3_wheel_link_1.stl
/home/arvi/base_ws/install/robot_description/share/robot_description/meshes/base_link.stl
/home/arvi/base_ws/install/robot_description/share/robot_description/meshes/camera_mount_link_1.stl
/home/arvi/base_ws/install/robot_description/share/robot_description/meshes/left_wheel_link_2.stl
/home/arvi/base_ws/install/robot_description/share/robot_description/config
/home/arvi/base_ws/install/robot_description/lib/python3.10/site-packages/robot_description-0.0.0-py3.10.egg-info/PKG-INFO
/home/arvi/base_ws/install/robot_description/lib/python3.10/site-packages/robot_description-0.0.0-py3.10.egg-info/zip-safe
/home/arvi/base_ws/install/robot_description/lib/python3.10/site-packages/robot_description-0.0.0-py3.10.egg-info/top_level.txt
/home/arvi/base_ws/install/robot_description/lib/python3.10/site-packages/robot_description-0.0.0-py3.10.egg-info/requires.txt
/home/arvi/base_ws/install/robot_description/lib/python3.10/site-packages/robot_description-0.0.0-py3.10.egg-info/dependency_links.txt
/home/arvi/base_ws/install/robot_description/lib/python3.10/site-packages/robot_description-0.0.0-py3.10.egg-info/entry_points.txt
/home/arvi/base_ws/install/robot_description/lib/python3.10/site-packages/robot_description-0.0.0-py3.10.egg-info/SOURCES.txt
