-- The C compiler identification is GNU 11.4.0
-- The CXX compiler identification is GNU 11.4.0
-- Detecting C compiler ABI info
-- Detecting C compiler ABI info - done
-- Check for working C compiler: /usr/bin/cc - skipped
-- Detecting C compile features
-- Detecting C compile features - done
-- Detecting CXX compiler ABI info
-- Detecting CXX compiler ABI info - done
-- Check for working CXX compiler: /usr/bin/c++ - skipped
-- Detecting CXX compile features
-- Detecting CXX compile features - done
-- Found ament_cmake: 1.3.11 (/opt/ros/humble/share/ament_cmake/cmake)
-- Found Python3: /usr/bin/python3 (found version "3.10.12") found components: Interpreter 
-- Found hardware_interface: 2.51.0 (/opt/ros/humble/share/hardware_interface/cmake)
-- Found rosidl_generator_c: 3.1.6 (/opt/ros/humble/share/rosidl_generator_c/cmake)
-- Found rosidl_adapter: 3.1.6 (/opt/ros/humble/share/rosidl_adapter/cmake)
-- Found rosidl_generator_cpp: 3.1.6 (/opt/ros/humble/share/rosidl_generator_cpp/cmake)
-- Using all available rosidl_typesupport_c: rosidl_typesupport_fastrtps_c;rosidl_typesupport_introspection_c
-- Using all available rosidl_typesupport_cpp: rosidl_typesupport_fastrtps_cpp;rosidl_typesupport_introspection_cpp
-- Found rmw_implementation_cmake: 6.1.2 (/opt/ros/humble/share/rmw_implementation_cmake/cmake)
-- Found rmw_fastrtps_cpp: 6.2.7 (/opt/ros/humble/share/rmw_fastrtps_cpp/cmake)
-- Found TinyXML2 via Config file: TinyXML2_DIR-NOTFOUND
-- Found OpenSSL: /usr/lib/x86_64-linux-gnu/libcrypto.so (found version "3.0.2")  
-- Found TinyXML2 via Config file: TinyXML2_DIR-NOTFOUND
-- Found FastRTPS: /opt/ros/humble/include  
-- Found TinyXML2 via Config file: TinyXML2_DIR-NOTFOUND
-- Found TinyXML2 via Config file: TinyXML2_DIR-NOTFOUND
-- Using RMW implementation 'rmw_fastrtps_cpp' as default
-- Looking for pthread.h
-- Looking for pthread.h - found
-- Performing Test CMAKE_HAVE_LIBC_PTHREAD
-- Performing Test CMAKE_HAVE_LIBC_PTHREAD - Success
-- Found Threads: TRUE  
-- Configuring done
-- Generating done
-- Build files have been written to: /home/arvi/base_ws/build/hardware_controller
[ 50%] [32mBuilding CXX object CMakeFiles/hardware_controller.dir/src/hardware_controller.cpp.o[0m
[100%] [32m[1mLinking CXX shared library libhardware_controller.so[0m
[100%] Built target hardware_controller
-- Install configuration: ""
-- Installing: /home/arvi/base_ws/install/hardware_controller/share/hardware_controller/hardware_plugin.xml
-- Installing: /home/arvi/base_ws/install/hardware_controller/lib/libhardware_controller.so
-- Set runtime path of "/home/arvi/base_ws/install/hardware_controller/lib/libhardware_controller.so" to ""
-- Installing: /home/arvi/base_ws/install/hardware_controller/include
-- Installing: /home/arvi/base_ws/install/hardware_controller/include/serial
-- Installing: /home/arvi/base_ws/install/hardware_controller/include/serial/v8stdint.h
-- Installing: /home/arvi/base_ws/install/hardware_controller/include/serial/serial.h
-- Installing: /home/arvi/base_ws/install/hardware_controller/include/serial/impl
-- Installing: /home/arvi/base_ws/install/hardware_controller/include/serial/impl/win.h
-- Installing: /home/arvi/base_ws/install/hardware_controller/include/serial/impl/unix.h
-- Installing: /home/arvi/base_ws/install/hardware_controller/include/hardware_controller
-- Installing: /home/arvi/base_ws/install/hardware_controller/include/hardware_controller/hardware_controller.hpp
-- Up-to-date: /home/arvi/base_ws/install/hardware_controller/share/hardware_controller/hardware_plugin.xml
-- Installing: /home/arvi/base_ws/install/hardware_controller/share/hardware_controller//launch
-- Installing: /home/arvi/base_ws/install/hardware_controller/share/hardware_controller//launch/launch.py
-- Installing: /home/arvi/base_ws/install/hardware_controller/share/hardware_controller//config
-- Installing: /home/arvi/base_ws/install/hardware_controller/share/hardware_controller//config/hardware.yaml
-- Installing: /home/arvi/base_ws/install/hardware_controller/share/hardware_controller/environment/library_path.sh
-- Installing: /home/arvi/base_ws/install/hardware_controller/share/hardware_controller/environment/library_path.dsv
-- Installing: /home/arvi/base_ws/install/hardware_controller/share/ament_index/resource_index/package_run_dependencies/hardware_controller
-- Installing: /home/arvi/base_ws/install/hardware_controller/share/ament_index/resource_index/parent_prefix_path/hardware_controller
-- Installing: /home/arvi/base_ws/install/hardware_controller/share/hardware_controller/environment/ament_prefix_path.sh
-- Installing: /home/arvi/base_ws/install/hardware_controller/share/hardware_controller/environment/ament_prefix_path.dsv
-- Installing: /home/arvi/base_ws/install/hardware_controller/share/hardware_controller/environment/path.sh
-- Installing: /home/arvi/base_ws/install/hardware_controller/share/hardware_controller/environment/path.dsv
-- Installing: /home/arvi/base_ws/install/hardware_controller/share/hardware_controller/local_setup.bash
-- Installing: /home/arvi/base_ws/install/hardware_controller/share/hardware_controller/local_setup.sh
-- Installing: /home/arvi/base_ws/install/hardware_controller/share/hardware_controller/local_setup.zsh
-- Installing: /home/arvi/base_ws/install/hardware_controller/share/hardware_controller/local_setup.dsv
-- Installing: /home/arvi/base_ws/install/hardware_controller/share/hardware_controller/package.dsv
-- Installing: /home/arvi/base_ws/install/hardware_controller/share/ament_index/resource_index/packages/hardware_controller
-- Installing: /home/arvi/base_ws/install/hardware_controller/share/ament_index/resource_index/hardware_interface__pluginlib__plugin/hardware_controller
-- Installing: /home/arvi/base_ws/install/hardware_controller/share/hardware_controller/cmake/ament_cmake_export_include_directories-extras.cmake
-- Installing: /home/arvi/base_ws/install/hardware_controller/share/hardware_controller/cmake/ament_cmake_export_libraries-extras.cmake
-- Installing: /home/arvi/base_ws/install/hardware_controller/share/hardware_controller/cmake/ament_cmake_export_dependencies-extras.cmake
-- Installing: /home/arvi/base_ws/install/hardware_controller/share/hardware_controller/cmake/hardware_controllerConfig.cmake
-- Installing: /home/arvi/base_ws/install/hardware_controller/share/hardware_controller/cmake/hardware_controllerConfig-version.cmake
-- Installing: /home/arvi/base_ws/install/hardware_controller/share/hardware_controller/package.xml
