[0.011s] Invoking command in '/home/arvi/base_ws/build/hardware_controller': CMAKE_PREFIX_PATH=${CMAKE_PREFIX_PATH}:/home/arvi/base_ws/install/teleop_twist_stamped:/home/arvi/base_ws/install/robot_description:/opt/ros/humble /usr/bin/cmake /home/arvi/base_ws/src/hardware_controller -DCMAKE_INSTALL_PREFIX=/home/arvi/base_ws/install/hardware_controller
[0.164s] -- The C compiler identification is GNU 11.4.0
[0.165s] -- The CXX compiler identification is GNU 11.4.0
[0.174s] -- Detecting C compiler ABI info
[0.239s] -- Detecting C compiler ABI info - done
[0.244s] -- Check for working C compiler: /usr/bin/cc - skipped
[0.245s] -- Detecting C compile features
[0.245s] -- Detecting C compile features - done
[0.248s] -- Detecting CXX compiler ABI info
[0.319s] -- Detecting CXX compiler ABI info - done
[0.325s] -- Check for working CXX compiler: /usr/bin/c++ - skipped
[0.325s] -- Detecting CXX compile features
[0.325s] -- Detecting CXX compile features - done
[0.330s] -- Found ament_cmake: 1.3.11 (/opt/ros/humble/share/ament_cmake/cmake)
[0.481s] -- Found Python3: /usr/bin/python3 (found version "3.10.12") found components: Interpreter 
[0.578s] -- Found hardware_interface: 2.51.0 (/opt/ros/humble/share/hardware_interface/cmake)
[0.619s] -- Found rosidl_generator_c: 3.1.6 (/opt/ros/humble/share/rosidl_generator_c/cmake)
[0.625s] -- Found rosidl_adapter: 3.1.6 (/opt/ros/humble/share/rosidl_adapter/cmake)
[0.634s] -- Found rosidl_generator_cpp: 3.1.6 (/opt/ros/humble/share/rosidl_generator_cpp/cmake)
[0.648s] -- Using all available rosidl_typesupport_c: rosidl_typesupport_fastrtps_c;rosidl_typesupport_introspection_c
[0.665s] -- Using all available rosidl_typesupport_cpp: rosidl_typesupport_fastrtps_cpp;rosidl_typesupport_introspection_cpp
[0.903s] -- Found rmw_implementation_cmake: 6.1.2 (/opt/ros/humble/share/rmw_implementation_cmake/cmake)
[0.906s] -- Found rmw_fastrtps_cpp: 6.2.7 (/opt/ros/humble/share/rmw_fastrtps_cpp/cmake)
[0.925s] -- Found TinyXML2 via Config file: TinyXML2_DIR-NOTFOUND
[0.976s] -- Found OpenSSL: /usr/lib/x86_64-linux-gnu/libcrypto.so (found version "3.0.2")  
[0.979s] -- Found TinyXML2 via Config file: TinyXML2_DIR-NOTFOUND
[0.994s] -- Found FastRTPS: /opt/ros/humble/include  
[0.997s] -- Found TinyXML2 via Config file: TinyXML2_DIR-NOTFOUND
[1.006s] -- Found TinyXML2 via Config file: TinyXML2_DIR-NOTFOUND
[1.014s] -- Using RMW implementation 'rmw_fastrtps_cpp' as default
[1.026s] -- Looking for pthread.h
[1.097s] -- Looking for pthread.h - found
[1.097s] -- Performing Test CMAKE_HAVE_LIBC_PTHREAD
[1.162s] -- Performing Test CMAKE_HAVE_LIBC_PTHREAD - Success
[1.163s] -- Found Threads: TRUE  
[1.257s] -- Configuring done
[1.277s] -- Generating done
[1.280s] -- Build files have been written to: /home/arvi/base_ws/build/hardware_controller
[1.286s] Invoked command in '/home/arvi/base_ws/build/hardware_controller' returned '0': CMAKE_PREFIX_PATH=${CMAKE_PREFIX_PATH}:/home/arvi/base_ws/install/teleop_twist_stamped:/home/arvi/base_ws/install/robot_description:/opt/ros/humble /usr/bin/cmake /home/arvi/base_ws/src/hardware_controller -DCMAKE_INSTALL_PREFIX=/home/arvi/base_ws/install/hardware_controller
[1.288s] Invoking command in '/home/arvi/base_ws/build/hardware_controller': CMAKE_PREFIX_PATH=${CMAKE_PREFIX_PATH}:/home/arvi/base_ws/install/teleop_twist_stamped:/home/arvi/base_ws/install/robot_description:/opt/ros/humble /usr/bin/cmake --build /home/arvi/base_ws/build/hardware_controller -- -j16 -l16
[1.332s] [ 50%] [32mBuilding CXX object CMakeFiles/hardware_controller.dir/src/hardware_controller.cpp.o[0m
[5.363s] [100%] [32m[1mLinking CXX shared library libhardware_controller.so[0m
[5.660s] [100%] Built target hardware_controller
[5.677s] Invoked command in '/home/arvi/base_ws/build/hardware_controller' returned '0': CMAKE_PREFIX_PATH=${CMAKE_PREFIX_PATH}:/home/arvi/base_ws/install/teleop_twist_stamped:/home/arvi/base_ws/install/robot_description:/opt/ros/humble /usr/bin/cmake --build /home/arvi/base_ws/build/hardware_controller -- -j16 -l16
[5.692s] Invoking command in '/home/arvi/base_ws/build/hardware_controller': CMAKE_PREFIX_PATH=${CMAKE_PREFIX_PATH}:/home/arvi/base_ws/install/teleop_twist_stamped:/home/arvi/base_ws/install/robot_description:/opt/ros/humble /usr/bin/cmake --install /home/arvi/base_ws/build/hardware_controller
[5.705s] -- Install configuration: ""
[5.705s] -- Installing: /home/arvi/base_ws/install/hardware_controller/share/hardware_controller/hardware_plugin.xml
[5.706s] -- Installing: /home/arvi/base_ws/install/hardware_controller/lib/libhardware_controller.so
[5.707s] -- Set runtime path of "/home/arvi/base_ws/install/hardware_controller/lib/libhardware_controller.so" to ""
[5.708s] -- Installing: /home/arvi/base_ws/install/hardware_controller/include
[5.708s] -- Installing: /home/arvi/base_ws/install/hardware_controller/include/serial
[5.708s] -- Installing: /home/arvi/base_ws/install/hardware_controller/include/serial/v8stdint.h
[5.708s] -- Installing: /home/arvi/base_ws/install/hardware_controller/include/serial/serial.h
[5.708s] -- Installing: /home/arvi/base_ws/install/hardware_controller/include/serial/impl
[5.708s] -- Installing: /home/arvi/base_ws/install/hardware_controller/include/serial/impl/win.h
[5.709s] -- Installing: /home/arvi/base_ws/install/hardware_controller/include/serial/impl/unix.h
[5.709s] -- Installing: /home/arvi/base_ws/install/hardware_controller/include/hardware_controller
[5.709s] -- Installing: /home/arvi/base_ws/install/hardware_controller/include/hardware_controller/hardware_controller.hpp
[5.710s] -- Up-to-date: /home/arvi/base_ws/install/hardware_controller/share/hardware_controller/hardware_plugin.xml
[5.710s] -- Installing: /home/arvi/base_ws/install/hardware_controller/share/hardware_controller//launch
[5.710s] -- Installing: /home/arvi/base_ws/install/hardware_controller/share/hardware_controller//launch/launch.py
[5.710s] -- Installing: /home/arvi/base_ws/install/hardware_controller/share/hardware_controller//config
[5.711s] -- Installing: /home/arvi/base_ws/install/hardware_controller/share/hardware_controller//config/hardware.yaml
[5.711s] -- Installing: /home/arvi/base_ws/install/hardware_controller/share/hardware_controller/environment/library_path.sh
[5.712s] -- Installing: /home/arvi/base_ws/install/hardware_controller/share/hardware_controller/environment/library_path.dsv
[5.712s] -- Installing: /home/arvi/base_ws/install/hardware_controller/share/ament_index/resource_index/package_run_dependencies/hardware_controller
[5.713s] -- Installing: /home/arvi/base_ws/install/hardware_controller/share/ament_index/resource_index/parent_prefix_path/hardware_controller
[5.713s] -- Installing: /home/arvi/base_ws/install/hardware_controller/share/hardware_controller/environment/ament_prefix_path.sh
[5.713s] -- Installing: /home/arvi/base_ws/install/hardware_controller/share/hardware_controller/environment/ament_prefix_path.dsv
[5.714s] -- Installing: /home/arvi/base_ws/install/hardware_controller/share/hardware_controller/environment/path.sh
[5.714s] -- Installing: /home/arvi/base_ws/install/hardware_controller/share/hardware_controller/environment/path.dsv
[5.714s] -- Installing: /home/arvi/base_ws/install/hardware_controller/share/hardware_controller/local_setup.bash
[5.715s] -- Installing: /home/arvi/base_ws/install/hardware_controller/share/hardware_controller/local_setup.sh
[5.715s] -- Installing: /home/arvi/base_ws/install/hardware_controller/share/hardware_controller/local_setup.zsh
[5.715s] -- Installing: /home/arvi/base_ws/install/hardware_controller/share/hardware_controller/local_setup.dsv
[5.715s] -- Installing: /home/arvi/base_ws/install/hardware_controller/share/hardware_controller/package.dsv
[5.716s] -- Installing: /home/arvi/base_ws/install/hardware_controller/share/ament_index/resource_index/packages/hardware_controller
[5.716s] -- Installing: /home/arvi/base_ws/install/hardware_controller/share/ament_index/resource_index/hardware_interface__pluginlib__plugin/hardware_controller
[5.716s] -- Installing: /home/arvi/base_ws/install/hardware_controller/share/hardware_controller/cmake/ament_cmake_export_include_directories-extras.cmake
[5.717s] -- Installing: /home/arvi/base_ws/install/hardware_controller/share/hardware_controller/cmake/ament_cmake_export_libraries-extras.cmake
[5.717s] -- Installing: /home/arvi/base_ws/install/hardware_controller/share/hardware_controller/cmake/ament_cmake_export_dependencies-extras.cmake
[5.718s] -- Installing: /home/arvi/base_ws/install/hardware_controller/share/hardware_controller/cmake/hardware_controllerConfig.cmake
[5.718s] -- Installing: /home/arvi/base_ws/install/hardware_controller/share/hardware_controller/cmake/hardware_controllerConfig-version.cmake
[5.718s] -- Installing: /home/arvi/base_ws/install/hardware_controller/share/hardware_controller/package.xml
[5.722s] Invoked command in '/home/arvi/base_ws/build/hardware_controller' returned '0': CMAKE_PREFIX_PATH=${CMAKE_PREFIX_PATH}:/home/arvi/base_ws/install/teleop_twist_stamped:/home/arvi/base_ws/install/robot_description:/opt/ros/humble /usr/bin/cmake --install /home/arvi/base_ws/build/hardware_controller
