[35m[1mConsolidate compiler generated dependencies of target hardware_controller[0m
[100%] Built target hardware_controller
-- Install configuration: ""
-- Up-to-date: /home/arvi/base_ws/install/hardware_controller/share/hardware_controller/hardware_plugin.xml
-- Up-to-date: /home/arvi/base_ws/install/hardware_controller/lib/libhardware_controller.so
-- Up-to-date: /home/arvi/base_ws/install/hardware_controller/include
-- Up-to-date: /home/arvi/base_ws/install/hardware_controller/include/serial
-- Up-to-date: /home/arvi/base_ws/install/hardware_controller/include/serial/v8stdint.h
-- Up-to-date: /home/arvi/base_ws/install/hardware_controller/include/serial/serial.h
-- Up-to-date: /home/arvi/base_ws/install/hardware_controller/include/serial/impl
-- Up-to-date: /home/arvi/base_ws/install/hardware_controller/include/serial/impl/win.h
-- Up-to-date: /home/arvi/base_ws/install/hardware_controller/include/serial/impl/unix.h
-- Up-to-date: /home/arvi/base_ws/install/hardware_controller/include/hardware_controller
-- Up-to-date: /home/arvi/base_ws/install/hardware_controller/include/hardware_controller/hardware_controller.hpp
-- Up-to-date: /home/arvi/base_ws/install/hardware_controller/share/hardware_controller/hardware_plugin.xml
-- Up-to-date: /home/arvi/base_ws/install/hardware_controller/share/hardware_controller//launch
-- Up-to-date: /home/arvi/base_ws/install/hardware_controller/share/hardware_controller//launch/launch.py
-- Up-to-date: /home/arvi/base_ws/install/hardware_controller/share/hardware_controller//config
-- Up-to-date: /home/arvi/base_ws/install/hardware_controller/share/hardware_controller//config/hardware.yaml
-- Up-to-date: /home/arvi/base_ws/install/hardware_controller/share/hardware_controller/environment/library_path.sh
-- Up-to-date: /home/arvi/base_ws/install/hardware_controller/share/hardware_controller/environment/library_path.dsv
-- Up-to-date: /home/arvi/base_ws/install/hardware_controller/share/ament_index/resource_index/package_run_dependencies/hardware_controller
-- Up-to-date: /home/arvi/base_ws/install/hardware_controller/share/ament_index/resource_index/parent_prefix_path/hardware_controller
-- Up-to-date: /home/arvi/base_ws/install/hardware_controller/share/hardware_controller/environment/ament_prefix_path.sh
-- Up-to-date: /home/arvi/base_ws/install/hardware_controller/share/hardware_controller/environment/ament_prefix_path.dsv
-- Up-to-date: /home/arvi/base_ws/install/hardware_controller/share/hardware_controller/environment/path.sh
-- Up-to-date: /home/arvi/base_ws/install/hardware_controller/share/hardware_controller/environment/path.dsv
-- Up-to-date: /home/arvi/base_ws/install/hardware_controller/share/hardware_controller/local_setup.bash
-- Up-to-date: /home/arvi/base_ws/install/hardware_controller/share/hardware_controller/local_setup.sh
-- Up-to-date: /home/arvi/base_ws/install/hardware_controller/share/hardware_controller/local_setup.zsh
-- Up-to-date: /home/arvi/base_ws/install/hardware_controller/share/hardware_controller/local_setup.dsv
-- Installing: /home/arvi/base_ws/install/hardware_controller/share/hardware_controller/package.dsv
-- Up-to-date: /home/arvi/base_ws/install/hardware_controller/share/ament_index/resource_index/packages/hardware_controller
-- Up-to-date: /home/arvi/base_ws/install/hardware_controller/share/ament_index/resource_index/hardware_interface__pluginlib__plugin/hardware_controller
-- Up-to-date: /home/arvi/base_ws/install/hardware_controller/share/hardware_controller/cmake/ament_cmake_export_include_directories-extras.cmake
-- Up-to-date: /home/arvi/base_ws/install/hardware_controller/share/hardware_controller/cmake/ament_cmake_export_libraries-extras.cmake
-- Up-to-date: /home/arvi/base_ws/install/hardware_controller/share/hardware_controller/cmake/ament_cmake_export_dependencies-extras.cmake
-- Up-to-date: /home/arvi/base_ws/install/hardware_controller/share/hardware_controller/cmake/hardware_controllerConfig.cmake
-- Up-to-date: /home/arvi/base_ws/install/hardware_controller/share/hardware_controller/cmake/hardware_controllerConfig-version.cmake
-- Up-to-date: /home/arvi/base_ws/install/hardware_controller/share/hardware_controller/package.xml
