[0.013s] Invoking command in '/home/arvi/base_ws/build/hardware_controller': CMAKE_PREFIX_PATH=${CMAKE_PREFIX_PATH}:/home/arvi/base_ws/install/teleop_twist_stamped:/home/arvi/base_ws/install/robot_description:/opt/ros/humble /usr/bin/cmake --build /home/arvi/base_ws/build/hardware_controller -- -j16 -l16
[0.188s] [35m[1mConsolidate compiler generated dependencies of target hardware_controller[0m
[0.188s] [100%] Built target hardware_controller
[0.330s] Invoked command in '/home/arvi/base_ws/build/hardware_controller' returned '0': CMAKE_PREFIX_PATH=${CMAKE_PREFIX_PATH}:/home/arvi/base_ws/install/teleop_twist_stamped:/home/arvi/base_ws/install/robot_description:/opt/ros/humble /usr/bin/cmake --build /home/arvi/base_ws/build/hardware_controller -- -j16 -l16
[0.338s] Invoking command in '/home/arvi/base_ws/build/hardware_controller': CMAKE_PREFIX_PATH=${CMAKE_PREFIX_PATH}:/home/arvi/base_ws/install/teleop_twist_stamped:/home/arvi/base_ws/install/robot_description:/opt/ros/humble /usr/bin/cmake --install /home/arvi/base_ws/build/hardware_controller
[0.341s] -- Install configuration: ""
[0.342s] -- Up-to-date: /home/arvi/base_ws/install/hardware_controller/share/hardware_controller/hardware_plugin.xml
[0.342s] -- Up-to-date: /home/arvi/base_ws/install/hardware_controller/lib/libhardware_controller.so
[0.342s] -- Up-to-date: /home/arvi/base_ws/install/hardware_controller/include
[0.342s] -- Up-to-date: /home/arvi/base_ws/install/hardware_controller/include/serial
[0.342s] -- Up-to-date: /home/arvi/base_ws/install/hardware_controller/include/serial/v8stdint.h
[0.343s] -- Up-to-date: /home/arvi/base_ws/install/hardware_controller/include/serial/serial.h
[0.343s] -- Up-to-date: /home/arvi/base_ws/install/hardware_controller/include/serial/impl
[0.343s] -- Up-to-date: /home/arvi/base_ws/install/hardware_controller/include/serial/impl/win.h
[0.344s] -- Up-to-date: /home/arvi/base_ws/install/hardware_controller/include/serial/impl/unix.h
[0.344s] -- Up-to-date: /home/arvi/base_ws/install/hardware_controller/include/hardware_controller
[0.344s] -- Up-to-date: /home/arvi/base_ws/install/hardware_controller/include/hardware_controller/hardware_controller.hpp
[0.345s] -- Up-to-date: /home/arvi/base_ws/install/hardware_controller/share/hardware_controller/hardware_plugin.xml
[0.345s] -- Up-to-date: /home/arvi/base_ws/install/hardware_controller/share/hardware_controller//launch
[0.345s] -- Up-to-date: /home/arvi/base_ws/install/hardware_controller/share/hardware_controller//launch/launch.py
[0.345s] -- Up-to-date: /home/arvi/base_ws/install/hardware_controller/share/hardware_controller//config
[0.345s] -- Up-to-date: /home/arvi/base_ws/install/hardware_controller/share/hardware_controller//config/hardware.yaml
[0.346s] -- Up-to-date: /home/arvi/base_ws/install/hardware_controller/share/hardware_controller/environment/library_path.sh
[0.346s] -- Up-to-date: /home/arvi/base_ws/install/hardware_controller/share/hardware_controller/environment/library_path.dsv
[0.346s] -- Up-to-date: /home/arvi/base_ws/install/hardware_controller/share/ament_index/resource_index/package_run_dependencies/hardware_controller
[0.346s] -- Up-to-date: /home/arvi/base_ws/install/hardware_controller/share/ament_index/resource_index/parent_prefix_path/hardware_controller
[0.346s] -- Up-to-date: /home/arvi/base_ws/install/hardware_controller/share/hardware_controller/environment/ament_prefix_path.sh
[0.346s] -- Up-to-date: /home/arvi/base_ws/install/hardware_controller/share/hardware_controller/environment/ament_prefix_path.dsv
[0.346s] -- Up-to-date: /home/arvi/base_ws/install/hardware_controller/share/hardware_controller/environment/path.sh
[0.346s] -- Up-to-date: /home/arvi/base_ws/install/hardware_controller/share/hardware_controller/environment/path.dsv
[0.346s] -- Up-to-date: /home/arvi/base_ws/install/hardware_controller/share/hardware_controller/local_setup.bash
[0.346s] -- Up-to-date: /home/arvi/base_ws/install/hardware_controller/share/hardware_controller/local_setup.sh
[0.346s] -- Up-to-date: /home/arvi/base_ws/install/hardware_controller/share/hardware_controller/local_setup.zsh
[0.346s] -- Up-to-date: /home/arvi/base_ws/install/hardware_controller/share/hardware_controller/local_setup.dsv
[0.346s] -- Installing: /home/arvi/base_ws/install/hardware_controller/share/hardware_controller/package.dsv
[0.346s] -- Up-to-date: /home/arvi/base_ws/install/hardware_controller/share/ament_index/resource_index/packages/hardware_controller
[0.346s] -- Up-to-date: /home/arvi/base_ws/install/hardware_controller/share/ament_index/resource_index/hardware_interface__pluginlib__plugin/hardware_controller
[0.346s] -- Up-to-date: /home/arvi/base_ws/install/hardware_controller/share/hardware_controller/cmake/ament_cmake_export_include_directories-extras.cmake
[0.346s] -- Up-to-date: /home/arvi/base_ws/install/hardware_controller/share/hardware_controller/cmake/ament_cmake_export_libraries-extras.cmake
[0.346s] -- Up-to-date: /home/arvi/base_ws/install/hardware_controller/share/hardware_controller/cmake/ament_cmake_export_dependencies-extras.cmake
[0.346s] -- Up-to-date: /home/arvi/base_ws/install/hardware_controller/share/hardware_controller/cmake/hardware_controllerConfig.cmake
[0.347s] -- Up-to-date: /home/arvi/base_ws/install/hardware_controller/share/hardware_controller/cmake/hardware_controllerConfig-version.cmake
[0.347s] -- Up-to-date: /home/arvi/base_ws/install/hardware_controller/share/hardware_controller/package.xml
[0.347s] Invoked command in '/home/arvi/base_ws/build/hardware_controller' returned '0': CMAKE_PREFIX_PATH=${CMAKE_PREFIX_PATH}:/home/arvi/base_ws/install/teleop_twist_stamped:/home/arvi/base_ws/install/robot_description:/opt/ros/humble /usr/bin/cmake --install /home/arvi/base_ws/build/hardware_controller
