[0.023s] Invoking command in '/home/arvi/base_ws/build/bot': CMAKE_PREFIX_PATH=${CMAKE_PREFIX_PATH}:/home/arvi/base_ws/install/teleop_twist_stamped:/home/arvi/base_ws/install/robot_description:/opt/ros/humble /usr/bin/cmake --build /home/arvi/base_ws/build/bot -- -j16 -l16
[0.214s] [35m[1mConsolidate compiler generated dependencies of target example_position[0m
[0.215s] [35m[1mConsolidate compiler generated dependencies of target example_tricycle_drive[0m
[0.215s] [35m[1mConsolidate compiler generated dependencies of target example_diff_drive[0m
[0.215s] [35m[1mConsolidate compiler generated dependencies of target example_effort[0m
[0.215s] [35m[1mConsolidate compiler generated dependencies of target example_position_pid[0m
[0.215s] [35m[1mConsolidate compiler generated dependencies of target example_velocity[0m
[0.215s] [35m[1mConsolidate compiler generated dependencies of target example_gripper[0m
[0.216s] [ 14%] Built target example_tricycle_drive
[0.216s] [ 28%] Built target example_position
[0.217s] [ 42%] Built target example_diff_drive
[0.217s] [ 57%] Built target example_velocity
[0.217s] [ 71%] Built target example_effort
[0.217s] [ 85%] Built target example_gripper
[0.217s] [100%] Built target example_position_pid
[0.218s] Invoked command in '/home/arvi/base_ws/build/bot' returned '0': CMAKE_PREFIX_PATH=${CMAKE_PREFIX_PATH}:/home/arvi/base_ws/install/teleop_twist_stamped:/home/arvi/base_ws/install/robot_description:/opt/ros/humble /usr/bin/cmake --build /home/arvi/base_ws/build/bot -- -j16 -l16
[0.228s] Invoking command in '/home/arvi/base_ws/build/bot': CMAKE_PREFIX_PATH=${CMAKE_PREFIX_PATH}:/home/arvi/base_ws/install/teleop_twist_stamped:/home/arvi/base_ws/install/robot_description:/opt/ros/humble /usr/bin/cmake --install /home/arvi/base_ws/build/bot
[0.424s] -- Install configuration: ""
[0.424s] -- Up-to-date: /home/arvi/base_ws/install/bot/share/bot//launch
[0.424s] -- Up-to-date: /home/arvi/base_ws/install/bot/share/bot//launch/rviz.launch.py
[0.425s] -- Up-to-date: /home/arvi/base_ws/install/bot/share/bot//launch/real.launch.py
[0.425s] -- Up-to-date: /home/arvi/base_ws/install/bot/share/bot//config
[0.426s] -- Up-to-date: /home/arvi/base_ws/install/bot/share/bot//config/diff_drive_controller.yaml
[0.426s] -- Up-to-date: /home/arvi/base_ws/install/bot/share/bot//urdf
[0.427s] -- Up-to-date: /home/arvi/base_ws/install/bot/lib/bot/example_position
[0.427s] -- Up-to-date: /home/arvi/base_ws/install/bot/lib/bot/example_position_pid
[0.427s] -- Up-to-date: /home/arvi/base_ws/install/bot/lib/bot/example_velocity
[0.427s] -- Up-to-date: /home/arvi/base_ws/install/bot/lib/bot/example_effort
[0.427s] -- Up-to-date: /home/arvi/base_ws/install/bot/lib/bot/example_diff_drive
[0.428s] -- Up-to-date: /home/arvi/base_ws/install/bot/lib/bot/example_tricycle_drive
[0.428s] -- Up-to-date: /home/arvi/base_ws/install/bot/lib/bot/example_gripper
[0.428s] -- Up-to-date: /home/arvi/base_ws/install/bot/share/ament_index/resource_index/package_run_dependencies/bot
[0.428s] -- Up-to-date: /home/arvi/base_ws/install/bot/share/ament_index/resource_index/parent_prefix_path/bot
[0.429s] -- Up-to-date: /home/arvi/base_ws/install/bot/share/bot/environment/ament_prefix_path.sh
[0.429s] -- Up-to-date: /home/arvi/base_ws/install/bot/share/bot/environment/ament_prefix_path.dsv
[0.429s] -- Up-to-date: /home/arvi/base_ws/install/bot/share/bot/environment/path.sh
[0.429s] -- Up-to-date: /home/arvi/base_ws/install/bot/share/bot/environment/path.dsv
[0.429s] -- Up-to-date: /home/arvi/base_ws/install/bot/share/bot/local_setup.bash
[0.430s] -- Up-to-date: /home/arvi/base_ws/install/bot/share/bot/local_setup.sh
[0.430s] -- Up-to-date: /home/arvi/base_ws/install/bot/share/bot/local_setup.zsh
[0.430s] -- Up-to-date: /home/arvi/base_ws/install/bot/share/bot/local_setup.dsv
[0.430s] -- Installing: /home/arvi/base_ws/install/bot/share/bot/package.dsv
[0.430s] -- Up-to-date: /home/arvi/base_ws/install/bot/share/ament_index/resource_index/packages/bot
[0.430s] -- Up-to-date: /home/arvi/base_ws/install/bot/share/bot/cmake/botConfig.cmake
[0.431s] -- Up-to-date: /home/arvi/base_ws/install/bot/share/bot/cmake/botConfig-version.cmake
[0.431s] -- Up-to-date: /home/arvi/base_ws/install/bot/share/bot/package.xml
[0.431s] Invoked command in '/home/arvi/base_ws/build/bot' returned '0': CMAKE_PREFIX_PATH=${CMAKE_PREFIX_PATH}:/home/arvi/base_ws/install/teleop_twist_stamped:/home/arvi/base_ws/install/robot_description:/opt/ros/humble /usr/bin/cmake --install /home/arvi/base_ws/build/bot
